{"/Users/andelarwanda/Desktop/Aimelive Learning Projects/Learning/VS Code-Andela/Backend APIs/index.js": {"path":"/Users/andelarwanda/Desktop/Aimelive Learning Projects/Learning/VS Code-Andela/Backend APIs/index.js","statementMap":{"0":{"start":{"line":11,"column":12},"end":{"line":11,"column":21}},"1":{"start":{"line":13,"column":0},"end":{"line":13,"column":24}},"2":{"start":{"line":15,"column":0},"end":{"line":15,"column":15}},"3":{"start":{"line":17,"column":0},"end":{"line":17,"column":36}},"4":{"start":{"line":18,"column":0},"end":{"line":18,"column":36}},"5":{"start":{"line":19,"column":0},"end":{"line":19,"column":50}},"6":{"start":{"line":20,"column":0},"end":{"line":20,"column":42}},"7":{"start":{"line":21,"column":0},"end":{"line":21,"column":39}},"8":{"start":{"line":22,"column":0},"end":{"line":22,"column":52}},"9":{"start":{"line":25,"column":0},"end":{"line":29,"column":3}},"10":{"start":{"line":26,"column":4},"end":{"line":28,"column":6}},"11":{"start":{"line":30,"column":0},"end":{"line":34,"column":3}},"12":{"start":{"line":31,"column":4},"end":{"line":33,"column":7}}},"fnMap":{"0":{"name":"(anonymous_0)","decl":{"start":{"line":25,"column":13},"end":{"line":25,"column":14}},"loc":{"start":{"line":25,"column":27},"end":{"line":29,"column":1}},"line":25},"1":{"name":"(anonymous_1)","decl":{"start":{"line":30,"column":13},"end":{"line":30,"column":14}},"loc":{"start":{"line":30,"column":27},"end":{"line":34,"column":1}},"line":30}},"branchMap":{},"s":{"0":1,"1":1,"2":1,"3":1,"4":1,"5":1,"6":1,"7":1,"8":1,"9":1,"10":0,"11":1,"12":0},"f":{"0":0,"1":0},"b":{},"_coverageSchema":"1a1c01bbd47fc00a2c39e90264f33305004495a9","hash":"58b565f9be3f2d311167d067f224694cb4cc11a0"}
,"/Users/andelarwanda/Desktop/Aimelive Learning Projects/Learning/VS Code-Andela/Backend APIs/src/Subscriptions/subscription.controller.js": {"path":"/Users/andelarwanda/Desktop/Aimelive Learning Projects/Learning/VS Code-Andela/Backend APIs/src/Subscriptions/subscription.controller.js","statementMap":{"0":{"start":{"line":3,"column":31},"end":{"line":25,"column":1}},"1":{"start":{"line":4,"column":4},"end":{"line":24,"column":22}},"2":{"start":{"line":5,"column":22},"end":{"line":5,"column":36}},"3":{"start":{"line":7,"column":27},"end":{"line":9,"column":10}},"4":{"start":{"line":10,"column":8},"end":{"line":22,"column":9}},"5":{"start":{"line":11,"column":12},"end":{"line":13,"column":14}},"6":{"start":{"line":15,"column":31},"end":{"line":15,"column":66}},"7":{"start":{"line":16,"column":12},"end":{"line":20,"column":14}},"8":{"start":{"line":27,"column":31},"end":{"line":43,"column":1}},"9":{"start":{"line":28,"column":4},"end":{"line":42,"column":5}},"10":{"start":{"line":29,"column":27},"end":{"line":29,"column":52}},"11":{"start":{"line":30,"column":8},"end":{"line":35,"column":10}},"12":{"start":{"line":38,"column":8},"end":{"line":41,"column":10}},"13":{"start":{"line":45,"column":34},"end":{"line":60,"column":1}},"14":{"start":{"line":46,"column":4},"end":{"line":59,"column":5}},"15":{"start":{"line":47,"column":27},"end":{"line":47,"column":69}},"16":{"start":{"line":48,"column":8},"end":{"line":53,"column":10}},"17":{"start":{"line":56,"column":8},"end":{"line":58,"column":10}},"18":{"start":{"line":62,"column":34},"end":{"line":77,"column":1}},"19":{"start":{"line":63,"column":4},"end":{"line":76,"column":5}},"20":{"start":{"line":64,"column":27},"end":{"line":64,"column":124}},"21":{"start":{"line":65,"column":8},"end":{"line":70,"column":10}},"22":{"start":{"line":73,"column":8},"end":{"line":75,"column":10}},"23":{"start":{"line":79,"column":34},"end":{"line":91,"column":1}},"24":{"start":{"line":80,"column":4},"end":{"line":90,"column":5}},"25":{"start":{"line":81,"column":27},"end":{"line":81,"column":78}},"26":{"start":{"line":82,"column":8},"end":{"line":84,"column":10}},"27":{"start":{"line":87,"column":8},"end":{"line":89,"column":10}}},"fnMap":{"0":{"name":"(anonymous_0)","decl":{"start":{"line":3,"column":31},"end":{"line":3,"column":32}},"loc":{"start":{"line":3,"column":50},"end":{"line":25,"column":1}},"line":3},"1":{"name":"(anonymous_1)","decl":{"start":{"line":27,"column":31},"end":{"line":27,"column":32}},"loc":{"start":{"line":27,"column":50},"end":{"line":43,"column":1}},"line":27},"2":{"name":"(anonymous_2)","decl":{"start":{"line":45,"column":34},"end":{"line":45,"column":35}},"loc":{"start":{"line":45,"column":53},"end":{"line":60,"column":1}},"line":45},"3":{"name":"(anonymous_3)","decl":{"start":{"line":62,"column":34},"end":{"line":62,"column":35}},"loc":{"start":{"line":62,"column":53},"end":{"line":77,"column":1}},"line":62},"4":{"name":"(anonymous_4)","decl":{"start":{"line":79,"column":34},"end":{"line":79,"column":35}},"loc":{"start":{"line":79,"column":53},"end":{"line":91,"column":1}},"line":79}},"branchMap":{"0":{"loc":{"start":{"line":10,"column":8},"end":{"line":22,"column":9}},"type":"if","locations":[{"start":{"line":10,"column":8},"end":{"line":22,"column":9}},{"start":{"line":14,"column":15},"end":{"line":22,"column":9}}],"line":10}},"s":{"0":1,"1":0,"2":0,"3":0,"4":0,"5":0,"6":0,"7":0,"8":1,"9":0,"10":0,"11":0,"12":0,"13":1,"14":0,"15":0,"16":0,"17":0,"18":1,"19":0,"20":0,"21":0,"22":0,"23":1,"24":0,"25":0,"26":0,"27":0},"f":{"0":0,"1":0,"2":0,"3":0,"4":0},"b":{"0":[0,0]},"_coverageSchema":"1a1c01bbd47fc00a2c39e90264f33305004495a9","hash":"cb1f6924eb9b08195e66912a9dda598726915f04"}
,"/Users/andelarwanda/Desktop/Aimelive Learning Projects/Learning/VS Code-Andela/Backend APIs/src/Subscriptions/subscription.middleware.js": {"path":"/Users/andelarwanda/Desktop/Aimelive Learning Projects/Learning/VS Code-Andela/Backend APIs/src/Subscriptions/subscription.middleware.js","statementMap":{"0":{"start":{"line":1,"column":37},"end":{"line":35,"column":1}},"1":{"start":{"line":2,"column":4},"end":{"line":32,"column":5}},"2":{"start":{"line":3,"column":21},"end":{"line":3,"column":34}},"3":{"start":{"line":4,"column":22},"end":{"line":4,"column":36}},"4":{"start":{"line":7,"column":8},"end":{"line":11,"column":9}},"5":{"start":{"line":8,"column":12},"end":{"line":10,"column":14}},"6":{"start":{"line":12,"column":8},"end":{"line":16,"column":9}},"7":{"start":{"line":13,"column":12},"end":{"line":15,"column":14}},"8":{"start":{"line":17,"column":8},"end":{"line":25,"column":9}},"9":{"start":{"line":18,"column":12},"end":{"line":18,"column":39}},"10":{"start":{"line":19,"column":12},"end":{"line":19,"column":44}},"11":{"start":{"line":21,"column":12},"end":{"line":23,"column":13}},"12":{"start":{"line":22,"column":16},"end":{"line":22,"column":89}},"13":{"start":{"line":28,"column":8},"end":{"line":31,"column":10}},"14":{"start":{"line":34,"column":4},"end":{"line":34,"column":10}}},"fnMap":{"0":{"name":"(anonymous_0)","decl":{"start":{"line":1,"column":37},"end":{"line":1,"column":38}},"loc":{"start":{"line":1,"column":62},"end":{"line":35,"column":1}},"line":1}},"branchMap":{"0":{"loc":{"start":{"line":7,"column":8},"end":{"line":11,"column":9}},"type":"if","locations":[{"start":{"line":7,"column":8},"end":{"line":11,"column":9}},{"start":{},"end":{}}],"line":7},"1":{"loc":{"start":{"line":12,"column":8},"end":{"line":16,"column":9}},"type":"if","locations":[{"start":{"line":12,"column":8},"end":{"line":16,"column":9}},{"start":{},"end":{}}],"line":12},"2":{"loc":{"start":{"line":17,"column":8},"end":{"line":25,"column":9}},"type":"if","locations":[{"start":{"line":17,"column":8},"end":{"line":25,"column":9}},{"start":{},"end":{}}],"line":17},"3":{"loc":{"start":{"line":21,"column":12},"end":{"line":23,"column":13}},"type":"if","locations":[{"start":{"line":21,"column":12},"end":{"line":23,"column":13}},{"start":{},"end":{}}],"line":21},"4":{"loc":{"start":{"line":21,"column":16},"end":{"line":21,"column":49}},"type":"binary-expr","locations":[{"start":{"line":21,"column":16},"end":{"line":21,"column":25}},{"start":{"line":21,"column":30},"end":{"line":21,"column":48}}],"line":21}},"s":{"0":1,"1":0,"2":0,"3":0,"4":0,"5":0,"6":0,"7":0,"8":0,"9":0,"10":0,"11":0,"12":0,"13":0,"14":0},"f":{"0":0},"b":{"0":[0,0],"1":[0,0],"2":[0,0],"3":[0,0],"4":[0,0]},"_coverageSchema":"1a1c01bbd47fc00a2c39e90264f33305004495a9","hash":"c6450c654133c1708824e53f7043a2e65a7f6edb"}
,"/Users/andelarwanda/Desktop/Aimelive Learning Projects/Learning/VS Code-Andela/Backend APIs/src/Subscriptions/subscription.model.js": {"path":"/Users/andelarwanda/Desktop/Aimelive Learning Projects/Learning/VS Code-Andela/Backend APIs/src/Subscriptions/subscription.model.js","statementMap":{"0":{"start":{"line":3,"column":27},"end":{"line":17,"column":2}},"1":{"start":{"line":19,"column":21},"end":{"line":19,"column":71}}},"fnMap":{},"branchMap":{},"s":{"0":1,"1":1},"f":{},"b":{},"_coverageSchema":"1a1c01bbd47fc00a2c39e90264f33305004495a9","hash":"dbb120238a38896cba19319ac3a21ac04d00eb42"}
,"/Users/andelarwanda/Desktop/Aimelive Learning Projects/Learning/VS Code-Andela/Backend APIs/src/Subscriptions/subscription.routes.js": {"path":"/Users/andelarwanda/Desktop/Aimelive Learning Projects/Learning/VS Code-Andela/Backend APIs/src/Subscriptions/subscription.routes.js","statementMap":{"0":{"start":{"line":6,"column":15},"end":{"line":6,"column":31}},"1":{"start":{"line":8,"column":0},"end":{"line":8,"column":113}},"2":{"start":{"line":9,"column":0},"end":{"line":9,"column":157}}},"fnMap":{},"branchMap":{},"s":{"0":1,"1":1,"2":1},"f":{},"b":{},"_coverageSchema":"1a1c01bbd47fc00a2c39e90264f33305004495a9","hash":"9783622f238354f04ffcaa1a88ef694550bcb53b"}
,"/Users/andelarwanda/Desktop/Aimelive Learning Projects/Learning/VS Code-Andela/Backend APIs/src/controllers/blogController.js": {"path":"/Users/andelarwanda/Desktop/Aimelive Learning Projects/Learning/VS Code-Andela/Backend APIs/src/controllers/blogController.js","statementMap":{"0":{"start":{"line":4,"column":26},"end":{"line":46,"column":1}},"1":{"start":{"line":5,"column":4},"end":{"line":44,"column":5}},"2":{"start":{"line":7,"column":22},"end":{"line":7,"column":36}},"3":{"start":{"line":8,"column":28},"end":{"line":10,"column":10}},"4":{"start":{"line":12,"column":8},"end":{"line":33,"column":9}},"5":{"start":{"line":13,"column":25},"end":{"line":13,"column":61}},"6":{"start":{"line":14,"column":12},"end":{"line":18,"column":14}},"7":{"start":{"line":20,"column":12},"end":{"line":20,"column":46}},"8":{"start":{"line":21,"column":28},"end":{"line":27,"column":14}},"9":{"start":{"line":28,"column":12},"end":{"line":32,"column":14}},"10":{"start":{"line":38,"column":8},"end":{"line":43,"column":10}},"11":{"start":{"line":49,"column":27},"end":{"line":65,"column":1}},"12":{"start":{"line":50,"column":4},"end":{"line":63,"column":5}},"13":{"start":{"line":51,"column":22},"end":{"line":51,"column":65}},"14":{"start":{"line":52,"column":8},"end":{"line":57,"column":10}},"15":{"start":{"line":59,"column":8},"end":{"line":62,"column":10}},"16":{"start":{"line":68,"column":23},"end":{"line":85,"column":1}},"17":{"start":{"line":69,"column":4},"end":{"line":83,"column":5}},"18":{"start":{"line":70,"column":21},"end":{"line":70,"column":76}},"19":{"start":{"line":72,"column":8},"end":{"line":78,"column":10}},"20":{"start":{"line":80,"column":8},"end":{"line":82,"column":10}},"21":{"start":{"line":88,"column":26},"end":{"line":109,"column":1}},"22":{"start":{"line":89,"column":4},"end":{"line":107,"column":5}},"23":{"start":{"line":90,"column":21},"end":{"line":93,"column":10}},"24":{"start":{"line":95,"column":25},"end":{"line":95,"column":133}},"25":{"start":{"line":97,"column":8},"end":{"line":102,"column":10}},"26":{"start":{"line":98,"column":12},"end":{"line":101,"column":14}},"27":{"start":{"line":104,"column":8},"end":{"line":106,"column":10}},"28":{"start":{"line":112,"column":26},"end":{"line":135,"column":1}},"29":{"start":{"line":113,"column":4},"end":{"line":133,"column":5}},"30":{"start":{"line":114,"column":24},"end":{"line":114,"column":67}},"31":{"start":{"line":115,"column":8},"end":{"line":127,"column":9}},"32":{"start":{"line":116,"column":12},"end":{"line":118,"column":14}},"33":{"start":{"line":120,"column":12},"end":{"line":122,"column":14}},"34":{"start":{"line":124,"column":12},"end":{"line":126,"column":14}},"35":{"start":{"line":130,"column":8},"end":{"line":132,"column":10}}},"fnMap":{"0":{"name":"(anonymous_0)","decl":{"start":{"line":4,"column":26},"end":{"line":4,"column":27}},"loc":{"start":{"line":4,"column":45},"end":{"line":46,"column":1}},"line":4},"1":{"name":"(anonymous_1)","decl":{"start":{"line":49,"column":27},"end":{"line":49,"column":28}},"loc":{"start":{"line":49,"column":46},"end":{"line":65,"column":1}},"line":49},"2":{"name":"(anonymous_2)","decl":{"start":{"line":68,"column":23},"end":{"line":68,"column":24}},"loc":{"start":{"line":68,"column":42},"end":{"line":85,"column":1}},"line":68},"3":{"name":"(anonymous_3)","decl":{"start":{"line":88,"column":26},"end":{"line":88,"column":27}},"loc":{"start":{"line":88,"column":45},"end":{"line":109,"column":1}},"line":88},"4":{"name":"(anonymous_4)","decl":{"start":{"line":97,"column":28},"end":{"line":97,"column":29}},"loc":{"start":{"line":97,"column":35},"end":{"line":102,"column":9}},"line":97},"5":{"name":"(anonymous_5)","decl":{"start":{"line":112,"column":26},"end":{"line":112,"column":27}},"loc":{"start":{"line":112,"column":45},"end":{"line":135,"column":1}},"line":112}},"branchMap":{"0":{"loc":{"start":{"line":12,"column":8},"end":{"line":33,"column":9}},"type":"if","locations":[{"start":{"line":12,"column":8},"end":{"line":33,"column":9}},{"start":{"line":19,"column":15},"end":{"line":33,"column":9}}],"line":12},"1":{"loc":{"start":{"line":115,"column":8},"end":{"line":127,"column":9}},"type":"if","locations":[{"start":{"line":115,"column":8},"end":{"line":127,"column":9}},{"start":{"line":123,"column":15},"end":{"line":127,"column":9}}],"line":115}},"s":{"0":1,"1":0,"2":0,"3":0,"4":0,"5":0,"6":0,"7":0,"8":0,"9":0,"10":0,"11":1,"12":0,"13":0,"14":0,"15":0,"16":1,"17":0,"18":0,"19":0,"20":0,"21":1,"22":0,"23":0,"24":0,"25":0,"26":0,"27":0,"28":1,"29":0,"30":0,"31":0,"32":0,"33":0,"34":0,"35":0},"f":{"0":0,"1":0,"2":0,"3":0,"4":0,"5":0},"b":{"0":[0,0],"1":[0,0]},"_coverageSchema":"1a1c01bbd47fc00a2c39e90264f33305004495a9","hash":"443ca70b7403ef8b86b24727ae9c2c9ac3f73d28"}
,"/Users/andelarwanda/Desktop/Aimelive Learning Projects/Learning/VS Code-Andela/Backend APIs/src/controllers/commentController.js": {"path":"/Users/andelarwanda/Desktop/Aimelive Learning Projects/Learning/VS Code-Andela/Backend APIs/src/controllers/commentController.js","statementMap":{"0":{"start":{"line":4,"column":29},"end":{"line":28,"column":1}},"1":{"start":{"line":5,"column":4},"end":{"line":26,"column":5}},"2":{"start":{"line":6,"column":27},"end":{"line":11,"column":10}},"3":{"start":{"line":12,"column":25},"end":{"line":12,"column":63}},"4":{"start":{"line":13,"column":8},"end":{"line":13,"column":42}},"5":{"start":{"line":14,"column":8},"end":{"line":19,"column":10}},"6":{"start":{"line":15,"column":12},"end":{"line":18,"column":14}},"7":{"start":{"line":22,"column":8},"end":{"line":25,"column":10}},"8":{"start":{"line":30,"column":30},"end":{"line":58,"column":1}},"9":{"start":{"line":31,"column":4},"end":{"line":56,"column":5}},"10":{"start":{"line":33,"column":21},"end":{"line":33,"column":59}},"11":{"start":{"line":34,"column":25},"end":{"line":34,"column":74}},"12":{"start":{"line":35,"column":8},"end":{"line":48,"column":9}},"13":{"start":{"line":36,"column":12},"end":{"line":42,"column":14}},"14":{"start":{"line":44,"column":12},"end":{"line":47,"column":14}},"15":{"start":{"line":51,"column":8},"end":{"line":55,"column":10}},"16":{"start":{"line":61,"column":26},"end":{"line":91,"column":1}},"17":{"start":{"line":63,"column":4},"end":{"line":89,"column":5}},"18":{"start":{"line":64,"column":23},"end":{"line":64,"column":40}},"19":{"start":{"line":65,"column":26},"end":{"line":65,"column":46}},"20":{"start":{"line":66,"column":24},"end":{"line":69,"column":10}},"21":{"start":{"line":70,"column":8},"end":{"line":81,"column":9}},"22":{"start":{"line":71,"column":12},"end":{"line":74,"column":14}},"23":{"start":{"line":77,"column":12},"end":{"line":79,"column":14}},"24":{"start":{"line":84,"column":8},"end":{"line":88,"column":10}},"25":{"start":{"line":93,"column":29},"end":{"line":122,"column":1}},"26":{"start":{"line":94,"column":4},"end":{"line":119,"column":5}},"27":{"start":{"line":95,"column":23},"end":{"line":95,"column":40}},"28":{"start":{"line":96,"column":26},"end":{"line":96,"column":46}},"29":{"start":{"line":97,"column":24},"end":{"line":100,"column":10}},"30":{"start":{"line":101,"column":21},"end":{"line":101,"column":48}},"31":{"start":{"line":102,"column":8},"end":{"line":102,"column":39}},"32":{"start":{"line":103,"column":8},"end":{"line":103,"column":25}},"33":{"start":{"line":104,"column":8},"end":{"line":112,"column":9}},"34":{"start":{"line":105,"column":12},"end":{"line":107,"column":14}},"35":{"start":{"line":109,"column":12},"end":{"line":111,"column":14}},"36":{"start":{"line":115,"column":8},"end":{"line":118,"column":10}}},"fnMap":{"0":{"name":"(anonymous_0)","decl":{"start":{"line":4,"column":29},"end":{"line":4,"column":30}},"loc":{"start":{"line":4,"column":48},"end":{"line":28,"column":1}},"line":4},"1":{"name":"(anonymous_1)","decl":{"start":{"line":14,"column":28},"end":{"line":14,"column":29}},"loc":{"start":{"line":14,"column":35},"end":{"line":19,"column":9}},"line":14},"2":{"name":"(anonymous_2)","decl":{"start":{"line":30,"column":30},"end":{"line":30,"column":31}},"loc":{"start":{"line":30,"column":49},"end":{"line":58,"column":1}},"line":30},"3":{"name":"(anonymous_3)","decl":{"start":{"line":61,"column":26},"end":{"line":61,"column":27}},"loc":{"start":{"line":61,"column":45},"end":{"line":91,"column":1}},"line":61},"4":{"name":"(anonymous_4)","decl":{"start":{"line":93,"column":29},"end":{"line":93,"column":30}},"loc":{"start":{"line":93,"column":48},"end":{"line":122,"column":1}},"line":93}},"branchMap":{"0":{"loc":{"start":{"line":35,"column":8},"end":{"line":48,"column":9}},"type":"if","locations":[{"start":{"line":35,"column":8},"end":{"line":48,"column":9}},{"start":{"line":43,"column":15},"end":{"line":48,"column":9}}],"line":35},"1":{"loc":{"start":{"line":70,"column":8},"end":{"line":81,"column":9}},"type":"if","locations":[{"start":{"line":70,"column":8},"end":{"line":81,"column":9}},{"start":{"line":76,"column":15},"end":{"line":81,"column":9}}],"line":70},"2":{"loc":{"start":{"line":104,"column":8},"end":{"line":112,"column":9}},"type":"if","locations":[{"start":{"line":104,"column":8},"end":{"line":112,"column":9}},{"start":{"line":108,"column":15},"end":{"line":112,"column":9}}],"line":104}},"s":{"0":1,"1":0,"2":0,"3":0,"4":0,"5":0,"6":0,"7":0,"8":1,"9":0,"10":0,"11":0,"12":0,"13":0,"14":0,"15":0,"16":1,"17":0,"18":0,"19":0,"20":0,"21":0,"22":0,"23":0,"24":0,"25":1,"26":0,"27":0,"28":0,"29":0,"30":0,"31":0,"32":0,"33":0,"34":0,"35":0,"36":0},"f":{"0":0,"1":0,"2":0,"3":0,"4":0},"b":{"0":[0,0],"1":[0,0],"2":[0,0]},"_coverageSchema":"1a1c01bbd47fc00a2c39e90264f33305004495a9","hash":"6491f3aba1a8f057957586f3e627ca0b7730a562"}
,"/Users/andelarwanda/Desktop/Aimelive Learning Projects/Learning/VS Code-Andela/Backend APIs/src/controllers/messageController.js": {"path":"/Users/andelarwanda/Desktop/Aimelive Learning Projects/Learning/VS Code-Andela/Backend APIs/src/controllers/messageController.js","statementMap":{"0":{"start":{"line":3,"column":29},"end":{"line":18,"column":1}},"1":{"start":{"line":4,"column":4},"end":{"line":16,"column":5}},"2":{"start":{"line":5,"column":27},"end":{"line":5,"column":58}},"3":{"start":{"line":6,"column":8},"end":{"line":10,"column":10}},"4":{"start":{"line":12,"column":8},"end":{"line":15,"column":10}},"5":{"start":{"line":24,"column":30},"end":{"line":42,"column":1}},"6":{"start":{"line":25,"column":4},"end":{"line":40,"column":5}},"7":{"start":{"line":26,"column":25},"end":{"line":26,"column":46}},"8":{"start":{"line":27,"column":8},"end":{"line":32,"column":14}},"9":{"start":{"line":35,"column":8},"end":{"line":39,"column":10}},"10":{"start":{"line":47,"column":26},"end":{"line":71,"column":1}},"11":{"start":{"line":48,"column":4},"end":{"line":69,"column":5}},"12":{"start":{"line":49,"column":24},"end":{"line":49,"column":62}},"13":{"start":{"line":50,"column":8},"end":{"line":62,"column":9}},"14":{"start":{"line":51,"column":12},"end":{"line":56,"column":14}},"15":{"start":{"line":58,"column":12},"end":{"line":61,"column":14}},"16":{"start":{"line":65,"column":8},"end":{"line":68,"column":10}},"17":{"start":{"line":73,"column":29},"end":{"line":97,"column":1}},"18":{"start":{"line":74,"column":4},"end":{"line":95,"column":5}},"19":{"start":{"line":76,"column":21},"end":{"line":76,"column":68}},"20":{"start":{"line":77,"column":8},"end":{"line":87,"column":9}},"21":{"start":{"line":78,"column":12},"end":{"line":82,"column":14}},"22":{"start":{"line":84,"column":12},"end":{"line":86,"column":14}},"23":{"start":{"line":91,"column":8},"end":{"line":94,"column":10}}},"fnMap":{"0":{"name":"(anonymous_0)","decl":{"start":{"line":3,"column":29},"end":{"line":3,"column":30}},"loc":{"start":{"line":3,"column":48},"end":{"line":18,"column":1}},"line":3},"1":{"name":"(anonymous_1)","decl":{"start":{"line":24,"column":30},"end":{"line":24,"column":31}},"loc":{"start":{"line":24,"column":49},"end":{"line":42,"column":1}},"line":24},"2":{"name":"(anonymous_2)","decl":{"start":{"line":47,"column":26},"end":{"line":47,"column":27}},"loc":{"start":{"line":47,"column":45},"end":{"line":71,"column":1}},"line":47},"3":{"name":"(anonymous_3)","decl":{"start":{"line":73,"column":29},"end":{"line":73,"column":30}},"loc":{"start":{"line":73,"column":48},"end":{"line":97,"column":1}},"line":73}},"branchMap":{"0":{"loc":{"start":{"line":50,"column":8},"end":{"line":62,"column":9}},"type":"if","locations":[{"start":{"line":50,"column":8},"end":{"line":62,"column":9}},{"start":{"line":57,"column":15},"end":{"line":62,"column":9}}],"line":50},"1":{"loc":{"start":{"line":77,"column":8},"end":{"line":87,"column":9}},"type":"if","locations":[{"start":{"line":77,"column":8},"end":{"line":87,"column":9}},{"start":{"line":83,"column":15},"end":{"line":87,"column":9}}],"line":77}},"s":{"0":1,"1":0,"2":0,"3":0,"4":0,"5":1,"6":0,"7":0,"8":0,"9":0,"10":1,"11":0,"12":0,"13":0,"14":0,"15":0,"16":0,"17":1,"18":0,"19":0,"20":0,"21":0,"22":0,"23":0},"f":{"0":0,"1":0,"2":0,"3":0},"b":{"0":[0,0],"1":[0,0]},"_coverageSchema":"1a1c01bbd47fc00a2c39e90264f33305004495a9","hash":"a7fe648315cb370dd550f5142a128a3abcb673b6"}
,"/Users/andelarwanda/Desktop/Aimelive Learning Projects/Learning/VS Code-Andela/Backend APIs/src/controllers/userController.js": {"path":"/Users/andelarwanda/Desktop/Aimelive Learning Projects/Learning/VS Code-Andela/Backend APIs/src/controllers/userController.js","statementMap":{"0":{"start":{"line":5,"column":26},"end":{"line":43,"column":1}},"1":{"start":{"line":6,"column":4},"end":{"line":41,"column":5}},"2":{"start":{"line":8,"column":22},"end":{"line":8,"column":36}},"3":{"start":{"line":9,"column":27},"end":{"line":11,"column":10}},"4":{"start":{"line":12,"column":8},"end":{"line":35,"column":9}},"5":{"start":{"line":13,"column":12},"end":{"line":15,"column":14}},"6":{"start":{"line":19,"column":25},"end":{"line":19,"column":49}},"7":{"start":{"line":20,"column":24},"end":{"line":20,"column":66}},"8":{"start":{"line":21,"column":28},"end":{"line":27,"column":14}},"9":{"start":{"line":29,"column":12},"end":{"line":33,"column":14}},"10":{"start":{"line":37,"column":8},"end":{"line":40,"column":10}},"11":{"start":{"line":46,"column":27},"end":{"line":65,"column":1}},"12":{"start":{"line":47,"column":4},"end":{"line":63,"column":5}},"13":{"start":{"line":48,"column":22},"end":{"line":48,"column":39}},"14":{"start":{"line":49,"column":29},"end":{"line":49,"column":62}},"15":{"start":{"line":50,"column":23},"end":{"line":50,"column":57}},"16":{"start":{"line":51,"column":8},"end":{"line":57,"column":10}},"17":{"start":{"line":59,"column":8},"end":{"line":62,"column":10}},"18":{"start":{"line":68,"column":23},"end":{"line":89,"column":1}},"19":{"start":{"line":69,"column":4},"end":{"line":87,"column":5}},"20":{"start":{"line":70,"column":21},"end":{"line":70,"column":55}},"21":{"start":{"line":71,"column":8},"end":{"line":81,"column":9}},"22":{"start":{"line":72,"column":12},"end":{"line":76,"column":14}},"23":{"start":{"line":78,"column":12},"end":{"line":80,"column":14}},"24":{"start":{"line":84,"column":8},"end":{"line":86,"column":10}},"25":{"start":{"line":92,"column":26},"end":{"line":122,"column":1}},"26":{"start":{"line":94,"column":4},"end":{"line":120,"column":5}},"27":{"start":{"line":95,"column":21},"end":{"line":102,"column":10}},"28":{"start":{"line":103,"column":8},"end":{"line":113,"column":9}},"29":{"start":{"line":104,"column":12},"end":{"line":108,"column":14}},"30":{"start":{"line":110,"column":12},"end":{"line":112,"column":14}},"31":{"start":{"line":116,"column":8},"end":{"line":119,"column":10}},"32":{"start":{"line":126,"column":30},"end":{"line":150,"column":1}},"33":{"start":{"line":128,"column":4},"end":{"line":148,"column":5}},"34":{"start":{"line":129,"column":23},"end":{"line":129,"column":35}},"35":{"start":{"line":131,"column":21},"end":{"line":131,"column":45}},"36":{"start":{"line":132,"column":21},"end":{"line":132,"column":66}},"37":{"start":{"line":134,"column":8},"end":{"line":134,"column":100}},"38":{"start":{"line":136,"column":8},"end":{"line":140,"column":10}},"39":{"start":{"line":153,"column":27},"end":{"line":170,"column":1}},"40":{"start":{"line":154,"column":19},"end":{"line":154,"column":31}},"41":{"start":{"line":156,"column":4},"end":{"line":169,"column":5}},"42":{"start":{"line":157,"column":24},"end":{"line":157,"column":59}},"43":{"start":{"line":158,"column":8},"end":{"line":159,"column":97}},"44":{"start":{"line":159,"column":12},"end":{"line":159,"column":97}},"45":{"start":{"line":160,"column":8},"end":{"line":163,"column":11}},"46":{"start":{"line":165,"column":8},"end":{"line":167,"column":11}},"47":{"start":{"line":168,"column":8},"end":{"line":168,"column":27}},"48":{"start":{"line":174,"column":26},"end":{"line":195,"column":1}},"49":{"start":{"line":175,"column":4},"end":{"line":193,"column":5}},"50":{"start":{"line":176,"column":24},"end":{"line":176,"column":67}},"51":{"start":{"line":177,"column":8},"end":{"line":185,"column":9}},"52":{"start":{"line":178,"column":12},"end":{"line":180,"column":14}},"53":{"start":{"line":182,"column":12},"end":{"line":184,"column":14}},"54":{"start":{"line":189,"column":8},"end":{"line":192,"column":10}},"55":{"start":{"line":197,"column":21},"end":{"line":227,"column":1}},"56":{"start":{"line":198,"column":4},"end":{"line":226,"column":5}},"57":{"start":{"line":199,"column":21},"end":{"line":199,"column":29}},"58":{"start":{"line":201,"column":21},"end":{"line":201,"column":62}},"59":{"start":{"line":202,"column":8},"end":{"line":218,"column":9}},"60":{"start":{"line":204,"column":34},"end":{"line":204,"column":84}},"61":{"start":{"line":206,"column":12},"end":{"line":215,"column":13}},"62":{"start":{"line":207,"column":30},"end":{"line":207,"column":126}},"63":{"start":{"line":208,"column":16},"end":{"line":212,"column":19}},"64":{"start":{"line":214,"column":16},"end":{"line":214,"column":68}},"65":{"start":{"line":217,"column":12},"end":{"line":217,"column":69}},"66":{"start":{"line":220,"column":8},"end":{"line":224,"column":10}}},"fnMap":{"0":{"name":"(anonymous_0)","decl":{"start":{"line":5,"column":26},"end":{"line":5,"column":27}},"loc":{"start":{"line":5,"column":45},"end":{"line":43,"column":1}},"line":5},"1":{"name":"(anonymous_1)","decl":{"start":{"line":46,"column":27},"end":{"line":46,"column":28}},"loc":{"start":{"line":46,"column":46},"end":{"line":65,"column":1}},"line":46},"2":{"name":"(anonymous_2)","decl":{"start":{"line":68,"column":23},"end":{"line":68,"column":24}},"loc":{"start":{"line":68,"column":42},"end":{"line":89,"column":1}},"line":68},"3":{"name":"(anonymous_3)","decl":{"start":{"line":92,"column":26},"end":{"line":92,"column":27}},"loc":{"start":{"line":92,"column":45},"end":{"line":122,"column":1}},"line":92},"4":{"name":"(anonymous_4)","decl":{"start":{"line":126,"column":30},"end":{"line":126,"column":31}},"loc":{"start":{"line":126,"column":49},"end":{"line":150,"column":1}},"line":126},"5":{"name":"(anonymous_5)","decl":{"start":{"line":153,"column":27},"end":{"line":153,"column":28}},"loc":{"start":{"line":153,"column":46},"end":{"line":170,"column":1}},"line":153},"6":{"name":"(anonymous_6)","decl":{"start":{"line":174,"column":26},"end":{"line":174,"column":27}},"loc":{"start":{"line":174,"column":45},"end":{"line":195,"column":1}},"line":174},"7":{"name":"(anonymous_7)","decl":{"start":{"line":197,"column":21},"end":{"line":197,"column":22}},"loc":{"start":{"line":197,"column":40},"end":{"line":227,"column":1}},"line":197}},"branchMap":{"0":{"loc":{"start":{"line":12,"column":8},"end":{"line":35,"column":9}},"type":"if","locations":[{"start":{"line":12,"column":8},"end":{"line":35,"column":9}},{"start":{"line":16,"column":15},"end":{"line":35,"column":9}}],"line":12},"1":{"loc":{"start":{"line":71,"column":8},"end":{"line":81,"column":9}},"type":"if","locations":[{"start":{"line":71,"column":8},"end":{"line":81,"column":9}},{"start":{"line":77,"column":15},"end":{"line":81,"column":9}}],"line":71},"2":{"loc":{"start":{"line":103,"column":8},"end":{"line":113,"column":9}},"type":"if","locations":[{"start":{"line":103,"column":8},"end":{"line":113,"column":9}},{"start":{"line":109,"column":15},"end":{"line":113,"column":9}}],"line":103},"3":{"loc":{"start":{"line":158,"column":8},"end":{"line":159,"column":97}},"type":"if","locations":[{"start":{"line":158,"column":8},"end":{"line":159,"column":97}},{"start":{},"end":{}}],"line":158},"4":{"loc":{"start":{"line":177,"column":8},"end":{"line":185,"column":9}},"type":"if","locations":[{"start":{"line":177,"column":8},"end":{"line":185,"column":9}},{"start":{"line":181,"column":15},"end":{"line":185,"column":9}}],"line":177},"5":{"loc":{"start":{"line":202,"column":8},"end":{"line":218,"column":9}},"type":"if","locations":[{"start":{"line":202,"column":8},"end":{"line":218,"column":9}},{"start":{"line":216,"column":15},"end":{"line":218,"column":9}}],"line":202},"6":{"loc":{"start":{"line":206,"column":12},"end":{"line":215,"column":13}},"type":"if","locations":[{"start":{"line":206,"column":12},"end":{"line":215,"column":13}},{"start":{"line":213,"column":19},"end":{"line":215,"column":13}}],"line":206}},"s":{"0":1,"1":0,"2":0,"3":0,"4":0,"5":0,"6":0,"7":0,"8":0,"9":0,"10":0,"11":1,"12":1,"13":1,"14":0,"15":0,"16":0,"17":0,"18":1,"19":0,"20":0,"21":0,"22":0,"23":0,"24":0,"25":1,"26":0,"27":0,"28":0,"29":0,"30":0,"31":0,"32":1,"33":0,"34":0,"35":0,"36":0,"37":0,"38":0,"39":1,"40":0,"41":0,"42":0,"43":0,"44":0,"45":0,"46":0,"47":0,"48":1,"49":0,"50":0,"51":0,"52":0,"53":0,"54":0,"55":1,"56":0,"57":0,"58":0,"59":0,"60":0,"61":0,"62":0,"63":0,"64":0,"65":0,"66":0},"f":{"0":0,"1":1,"2":0,"3":0,"4":0,"5":0,"6":0,"7":0},"b":{"0":[0,0],"1":[0,0],"2":[0,0],"3":[0,0],"4":[0,0],"5":[0,0],"6":[0,0]},"_coverageSchema":"1a1c01bbd47fc00a2c39e90264f33305004495a9","hash":"1b5b025f6310a54a997faf1b131ffc697e9c0bbc"}
,"/Users/andelarwanda/Desktop/Aimelive Learning Projects/Learning/VS Code-Andela/Backend APIs/src/middlewares/auth.js": {"path":"/Users/andelarwanda/Desktop/Aimelive Learning Projects/Learning/VS Code-Andela/Backend APIs/src/middlewares/auth.js","statementMap":{"0":{"start":{"line":4,"column":23},"end":{"line":40,"column":1}},"1":{"start":{"line":7,"column":4},"end":{"line":37,"column":5}},"2":{"start":{"line":8,"column":8},"end":{"line":13,"column":9}},"3":{"start":{"line":9,"column":12},"end":{"line":12,"column":14}},"4":{"start":{"line":14,"column":8},"end":{"line":16,"column":9}},"5":{"start":{"line":15,"column":12},"end":{"line":15,"column":59}},"6":{"start":{"line":17,"column":8},"end":{"line":29,"column":9}},"7":{"start":{"line":19,"column":28},"end":{"line":19,"column":78}},"8":{"start":{"line":20,"column":30},"end":{"line":20,"column":62}},"9":{"start":{"line":21,"column":12},"end":{"line":23,"column":13}},"10":{"start":{"line":22,"column":16},"end":{"line":22,"column":90}},"11":{"start":{"line":25,"column":12},"end":{"line":25,"column":32}},"12":{"start":{"line":28,"column":12},"end":{"line":28,"column":116}},"13":{"start":{"line":32,"column":8},"end":{"line":36,"column":10}},"14":{"start":{"line":39,"column":4},"end":{"line":39,"column":11}},"15":{"start":{"line":42,"column":26},"end":{"line":52,"column":1}},"16":{"start":{"line":43,"column":4},"end":{"line":51,"column":5}},"17":{"start":{"line":44,"column":8},"end":{"line":49,"column":9}},"18":{"start":{"line":45,"column":12},"end":{"line":48,"column":15}},"19":{"start":{"line":50,"column":8},"end":{"line":50,"column":14}}},"fnMap":{"0":{"name":"(anonymous_0)","decl":{"start":{"line":4,"column":23},"end":{"line":4,"column":24}},"loc":{"start":{"line":4,"column":48},"end":{"line":40,"column":1}},"line":4},"1":{"name":"(anonymous_1)","decl":{"start":{"line":42,"column":26},"end":{"line":42,"column":27}},"loc":{"start":{"line":42,"column":40},"end":{"line":52,"column":1}},"line":42},"2":{"name":"(anonymous_2)","decl":{"start":{"line":43,"column":11},"end":{"line":43,"column":12}},"loc":{"start":{"line":43,"column":31},"end":{"line":51,"column":5}},"line":43}},"branchMap":{"0":{"loc":{"start":{"line":8,"column":8},"end":{"line":13,"column":9}},"type":"if","locations":[{"start":{"line":8,"column":8},"end":{"line":13,"column":9}},{"start":{},"end":{}}],"line":8},"1":{"loc":{"start":{"line":14,"column":8},"end":{"line":16,"column":9}},"type":"if","locations":[{"start":{"line":14,"column":8},"end":{"line":16,"column":9}},{"start":{},"end":{}}],"line":14},"2":{"loc":{"start":{"line":21,"column":12},"end":{"line":23,"column":13}},"type":"if","locations":[{"start":{"line":21,"column":12},"end":{"line":23,"column":13}},{"start":{},"end":{}}],"line":21},"3":{"loc":{"start":{"line":44,"column":8},"end":{"line":49,"column":9}},"type":"if","locations":[{"start":{"line":44,"column":8},"end":{"line":49,"column":9}},{"start":{},"end":{}}],"line":44}},"s":{"0":1,"1":0,"2":0,"3":0,"4":0,"5":0,"6":0,"7":0,"8":0,"9":0,"10":0,"11":0,"12":0,"13":0,"14":0,"15":1,"16":9,"17":0,"18":0,"19":0},"f":{"0":0,"1":9,"2":0},"b":{"0":[0,0],"1":[0,0],"2":[0,0],"3":[0,0]},"_coverageSchema":"1a1c01bbd47fc00a2c39e90264f33305004495a9","hash":"a070bfea6da8c506ebb5e0584e4b52f983336d49"}
,"/Users/andelarwanda/Desktop/Aimelive Learning Projects/Learning/VS Code-Andela/Backend APIs/src/middlewares/signup.middleware.js": {"path":"/Users/andelarwanda/Desktop/Aimelive Learning Projects/Learning/VS Code-Andela/Backend APIs/src/middlewares/signup.middleware.js","statementMap":{"0":{"start":{"line":4,"column":24},"end":{"line":57,"column":1}},"1":{"start":{"line":6,"column":16},"end":{"line":6,"column":30}},"2":{"start":{"line":7,"column":15},"end":{"line":7,"column":28}},"3":{"start":{"line":8,"column":14},"end":{"line":8,"column":31}},"4":{"start":{"line":9,"column":18},"end":{"line":9,"column":42}},"5":{"start":{"line":13,"column":4},"end":{"line":15,"column":5}},"6":{"start":{"line":14,"column":8},"end":{"line":14,"column":65}},"7":{"start":{"line":16,"column":4},"end":{"line":18,"column":5}},"8":{"start":{"line":17,"column":8},"end":{"line":17,"column":64}},"9":{"start":{"line":19,"column":4},"end":{"line":21,"column":5}},"10":{"start":{"line":20,"column":8},"end":{"line":20,"column":79}},"11":{"start":{"line":22,"column":4},"end":{"line":24,"column":5}},"12":{"start":{"line":23,"column":8},"end":{"line":23,"column":68}},"13":{"start":{"line":25,"column":4},"end":{"line":27,"column":5}},"14":{"start":{"line":26,"column":8},"end":{"line":26,"column":75}},"15":{"start":{"line":29,"column":4},"end":{"line":37,"column":5}},"16":{"start":{"line":30,"column":8},"end":{"line":30,"column":35}},"17":{"start":{"line":31,"column":8},"end":{"line":31,"column":40}},"18":{"start":{"line":33,"column":8},"end":{"line":35,"column":9}},"19":{"start":{"line":34,"column":12},"end":{"line":34,"column":71}},"20":{"start":{"line":39,"column":4},"end":{"line":45,"column":5}},"21":{"start":{"line":40,"column":8},"end":{"line":43,"column":9}},"22":{"start":{"line":42,"column":12},"end":{"line":42,"column":79}},"23":{"start":{"line":47,"column":4},"end":{"line":49,"column":5}},"24":{"start":{"line":48,"column":8},"end":{"line":48,"column":78}},"25":{"start":{"line":50,"column":4},"end":{"line":54,"column":5}},"26":{"start":{"line":51,"column":18},"end":{"line":51,"column":32}},"27":{"start":{"line":55,"column":4},"end":{"line":55,"column":36}},"28":{"start":{"line":56,"column":4},"end":{"line":56,"column":11}}},"fnMap":{"0":{"name":"(anonymous_0)","decl":{"start":{"line":4,"column":24},"end":{"line":4,"column":25}},"loc":{"start":{"line":4,"column":44},"end":{"line":57,"column":1}},"line":4}},"branchMap":{"0":{"loc":{"start":{"line":13,"column":4},"end":{"line":15,"column":5}},"type":"if","locations":[{"start":{"line":13,"column":4},"end":{"line":15,"column":5}},{"start":{},"end":{}}],"line":13},"1":{"loc":{"start":{"line":16,"column":4},"end":{"line":18,"column":5}},"type":"if","locations":[{"start":{"line":16,"column":4},"end":{"line":18,"column":5}},{"start":{},"end":{}}],"line":16},"2":{"loc":{"start":{"line":19,"column":4},"end":{"line":21,"column":5}},"type":"if","locations":[{"start":{"line":19,"column":4},"end":{"line":21,"column":5}},{"start":{},"end":{}}],"line":19},"3":{"loc":{"start":{"line":22,"column":4},"end":{"line":24,"column":5}},"type":"if","locations":[{"start":{"line":22,"column":4},"end":{"line":24,"column":5}},{"start":{},"end":{}}],"line":22},"4":{"loc":{"start":{"line":25,"column":4},"end":{"line":27,"column":5}},"type":"if","locations":[{"start":{"line":25,"column":4},"end":{"line":27,"column":5}},{"start":{},"end":{}}],"line":25},"5":{"loc":{"start":{"line":29,"column":4},"end":{"line":37,"column":5}},"type":"if","locations":[{"start":{"line":29,"column":4},"end":{"line":37,"column":5}},{"start":{},"end":{}}],"line":29},"6":{"loc":{"start":{"line":33,"column":8},"end":{"line":35,"column":9}},"type":"if","locations":[{"start":{"line":33,"column":8},"end":{"line":35,"column":9}},{"start":{},"end":{}}],"line":33},"7":{"loc":{"start":{"line":33,"column":12},"end":{"line":33,"column":45}},"type":"binary-expr","locations":[{"start":{"line":33,"column":12},"end":{"line":33,"column":21}},{"start":{"line":33,"column":26},"end":{"line":33,"column":44}}],"line":33},"8":{"loc":{"start":{"line":39,"column":4},"end":{"line":45,"column":5}},"type":"if","locations":[{"start":{"line":39,"column":4},"end":{"line":45,"column":5}},{"start":{},"end":{}}],"line":39},"9":{"loc":{"start":{"line":39,"column":8},"end":{"line":39,"column":34}},"type":"binary-expr","locations":[{"start":{"line":39,"column":8},"end":{"line":39,"column":17}},{"start":{"line":39,"column":21},"end":{"line":39,"column":34}}],"line":39},"10":{"loc":{"start":{"line":40,"column":8},"end":{"line":43,"column":9}},"type":"if","locations":[{"start":{"line":40,"column":8},"end":{"line":43,"column":9}},{"start":{},"end":{}}],"line":40},"11":{"loc":{"start":{"line":47,"column":4},"end":{"line":49,"column":5}},"type":"if","locations":[{"start":{"line":47,"column":4},"end":{"line":49,"column":5}},{"start":{},"end":{}}],"line":47}},"s":{"0":1,"1":0,"2":0,"3":0,"4":0,"5":0,"6":0,"7":0,"8":0,"9":0,"10":0,"11":0,"12":0,"13":0,"14":0,"15":0,"16":0,"17":0,"18":0,"19":0,"20":0,"21":0,"22":0,"23":0,"24":0,"25":0,"26":0,"27":0,"28":0},"f":{"0":0},"b":{"0":[0,0],"1":[0,0],"2":[0,0],"3":[0,0],"4":[0,0],"5":[0,0],"6":[0,0],"7":[0,0],"8":[0,0],"9":[0,0],"10":[0,0],"11":[0,0]},"_coverageSchema":"1a1c01bbd47fc00a2c39e90264f33305004495a9","hash":"09c641637d1150f2e21c47f1142340a73c5ffbe7"}
,"/Users/andelarwanda/Desktop/Aimelive Learning Projects/Learning/VS Code-Andela/Backend APIs/src/middlewares/update.password.js": {"path":"/Users/andelarwanda/Desktop/Aimelive Learning Projects/Learning/VS Code-Andela/Backend APIs/src/middlewares/update.password.js","statementMap":{"0":{"start":{"line":2,"column":25},"end":{"line":37,"column":1}},"1":{"start":{"line":3,"column":4},"end":{"line":34,"column":5}},"2":{"start":{"line":4,"column":28},"end":{"line":4,"column":48}},"3":{"start":{"line":5,"column":28},"end":{"line":5,"column":48}},"4":{"start":{"line":6,"column":32},"end":{"line":6,"column":56}},"5":{"start":{"line":13,"column":8},"end":{"line":25,"column":9}},"6":{"start":{"line":14,"column":12},"end":{"line":16,"column":14}},"7":{"start":{"line":18,"column":34},"end":{"line":18,"column":84}},"8":{"start":{"line":20,"column":12},"end":{"line":24,"column":13}},"9":{"start":{"line":21,"column":16},"end":{"line":23,"column":18}},"10":{"start":{"line":30,"column":8},"end":{"line":33,"column":10}},"11":{"start":{"line":36,"column":4},"end":{"line":36,"column":10}}},"fnMap":{"0":{"name":"(anonymous_0)","decl":{"start":{"line":2,"column":25},"end":{"line":2,"column":26}},"loc":{"start":{"line":2,"column":50},"end":{"line":37,"column":1}},"line":2}},"branchMap":{"0":{"loc":{"start":{"line":13,"column":8},"end":{"line":25,"column":9}},"type":"if","locations":[{"start":{"line":13,"column":8},"end":{"line":25,"column":9}},{"start":{"line":17,"column":15},"end":{"line":25,"column":9}}],"line":13},"1":{"loc":{"start":{"line":20,"column":12},"end":{"line":24,"column":13}},"type":"if","locations":[{"start":{"line":20,"column":12},"end":{"line":24,"column":13}},{"start":{},"end":{}}],"line":20}},"s":{"0":1,"1":0,"2":0,"3":0,"4":0,"5":0,"6":0,"7":0,"8":0,"9":0,"10":0,"11":0},"f":{"0":0},"b":{"0":[0,0],"1":[0,0]},"_coverageSchema":"1a1c01bbd47fc00a2c39e90264f33305004495a9","hash":"63a1888822a811e1e65df11cfbbf7b6c16849ef8"}
,"/Users/andelarwanda/Desktop/Aimelive Learning Projects/Learning/VS Code-Andela/Backend APIs/src/middlewares/About Photo/add.blog.route.js": {"path":"/Users/andelarwanda/Desktop/Aimelive Learning Projects/Learning/VS Code-Andela/Backend APIs/src/middlewares/About Photo/add.blog.route.js","statementMap":{"0":{"start":{"line":6,"column":15},"end":{"line":6,"column":31}},"1":{"start":{"line":8,"column":16},"end":{"line":8,"column":38}},"2":{"start":{"line":9,"column":19},"end":{"line":15,"column":1}},"3":{"start":{"line":10,"column":4},"end":{"line":14,"column":5}},"4":{"start":{"line":11,"column":8},"end":{"line":11,"column":23}},"5":{"start":{"line":13,"column":8},"end":{"line":13,"column":41}},"6":{"start":{"line":16,"column":15},"end":{"line":16,"column":46}},"7":{"start":{"line":18,"column":0},"end":{"line":18,"column":84}}},"fnMap":{"0":{"name":"(anonymous_0)","decl":{"start":{"line":9,"column":19},"end":{"line":9,"column":20}},"loc":{"start":{"line":9,"column":38},"end":{"line":15,"column":1}},"line":9}},"branchMap":{"0":{"loc":{"start":{"line":10,"column":4},"end":{"line":14,"column":5}},"type":"if","locations":[{"start":{"line":10,"column":4},"end":{"line":14,"column":5}},{"start":{"line":12,"column":11},"end":{"line":14,"column":5}}],"line":10}},"s":{"0":1,"1":1,"2":1,"3":0,"4":0,"5":0,"6":1,"7":1},"f":{"0":0},"b":{"0":[0,0]},"_coverageSchema":"1a1c01bbd47fc00a2c39e90264f33305004495a9","hash":"0b5794af074a7d9247beb5588d81bfb6e593a583"}
,"/Users/andelarwanda/Desktop/Aimelive Learning Projects/Learning/VS Code-Andela/Backend APIs/src/middlewares/About Photo/cloudinary.js": {"path":"/Users/andelarwanda/Desktop/Aimelive Learning Projects/Learning/VS Code-Andela/Backend APIs/src/middlewares/About Photo/cloudinary.js","statementMap":{"0":{"start":{"line":4,"column":0},"end":{"line":6,"column":2}},"1":{"start":{"line":10,"column":0},"end":{"line":14,"column":2}}},"fnMap":{},"branchMap":{},"s":{"0":1,"1":1},"f":{},"b":{},"_coverageSchema":"1a1c01bbd47fc00a2c39e90264f33305004495a9","hash":"cb144edef68ab0df39ed1899f48ba547325091cc"}
,"/Users/andelarwanda/Desktop/Aimelive Learning Projects/Learning/VS Code-Andela/Backend APIs/src/middlewares/About Photo/multer.js": {"path":"/Users/andelarwanda/Desktop/Aimelive Learning Projects/Learning/VS Code-Andela/Backend APIs/src/middlewares/About Photo/multer.js","statementMap":{"0":{"start":{"line":3,"column":26},"end":{"line":9,"column":1}},"1":{"start":{"line":4,"column":4},"end":{"line":8,"column":5}},"2":{"start":{"line":5,"column":8},"end":{"line":5,"column":23}},"3":{"start":{"line":7,"column":8},"end":{"line":7,"column":41}},"4":{"start":{"line":10,"column":21},"end":{"line":20,"column":1}},"5":{"start":{"line":11,"column":19},"end":{"line":11,"column":21}},"6":{"start":{"line":12,"column":4},"end":{"line":18,"column":6}},"7":{"start":{"line":15,"column":12},"end":{"line":15,"column":38}},"8":{"start":{"line":15,"column":21},"end":{"line":15,"column":38}},"9":{"start":{"line":16,"column":12},"end":{"line":16,"column":33}},"10":{"start":{"line":19,"column":4},"end":{"line":19,"column":20}}},"fnMap":{"0":{"name":"(anonymous_0)","decl":{"start":{"line":3,"column":26},"end":{"line":3,"column":27}},"loc":{"start":{"line":3,"column":45},"end":{"line":9,"column":1}},"line":3},"1":{"name":"(anonymous_1)","decl":{"start":{"line":10,"column":21},"end":{"line":10,"column":22}},"loc":{"start":{"line":10,"column":35},"end":{"line":20,"column":1}},"line":10},"2":{"name":"(anonymous_2)","decl":{"start":{"line":14,"column":8},"end":{"line":14,"column":9}},"loc":{"start":{"line":14,"column":35},"end":{"line":17,"column":9}},"line":14}},"branchMap":{"0":{"loc":{"start":{"line":4,"column":4},"end":{"line":8,"column":5}},"type":"if","locations":[{"start":{"line":4,"column":4},"end":{"line":8,"column":5}},{"start":{"line":6,"column":11},"end":{"line":8,"column":5}}],"line":4},"1":{"loc":{"start":{"line":15,"column":12},"end":{"line":15,"column":38}},"type":"if","locations":[{"start":{"line":15,"column":12},"end":{"line":15,"column":38}},{"start":{},"end":{}}],"line":15}},"s":{"0":1,"1":0,"2":0,"3":0,"4":1,"5":0,"6":0,"7":0,"8":0,"9":0,"10":0},"f":{"0":0,"1":0,"2":0},"b":{"0":[0,0],"1":[0,0]},"_coverageSchema":"1a1c01bbd47fc00a2c39e90264f33305004495a9","hash":"563bc61209c64b8be22076b8ba10ff78a7819c08"}
,"/Users/andelarwanda/Desktop/Aimelive Learning Projects/Learning/VS Code-Andela/Backend APIs/src/models/blogModel.js": {"path":"/Users/andelarwanda/Desktop/Aimelive Learning Projects/Learning/VS Code-Andela/Backend APIs/src/models/blogModel.js","statementMap":{"0":{"start":{"line":3,"column":19},"end":{"line":40,"column":2}},"1":{"start":{"line":42,"column":13},"end":{"line":42,"column":47}}},"fnMap":{},"branchMap":{},"s":{"0":1,"1":1},"f":{},"b":{},"_coverageSchema":"1a1c01bbd47fc00a2c39e90264f33305004495a9","hash":"ac667a15dd84d071799af5571891df35b596f42b"}
,"/Users/andelarwanda/Desktop/Aimelive Learning Projects/Learning/VS Code-Andela/Backend APIs/src/models/commentModel.js": {"path":"/Users/andelarwanda/Desktop/Aimelive Learning Projects/Learning/VS Code-Andela/Backend APIs/src/models/commentModel.js","statementMap":{"0":{"start":{"line":3,"column":22},"end":{"line":30,"column":2}},"1":{"start":{"line":32,"column":16},"end":{"line":32,"column":56}}},"fnMap":{},"branchMap":{},"s":{"0":1,"1":1},"f":{},"b":{},"_coverageSchema":"1a1c01bbd47fc00a2c39e90264f33305004495a9","hash":"b0ed344b3150425e8164a854d15609f768ccef05"}
,"/Users/andelarwanda/Desktop/Aimelive Learning Projects/Learning/VS Code-Andela/Backend APIs/src/models/messageModel.js": {"path":"/Users/andelarwanda/Desktop/Aimelive Learning Projects/Learning/VS Code-Andela/Backend APIs/src/models/messageModel.js","statementMap":{"0":{"start":{"line":3,"column":22},"end":{"line":21,"column":2}},"1":{"start":{"line":25,"column":17},"end":{"line":25,"column":58}}},"fnMap":{},"branchMap":{},"s":{"0":1,"1":1},"f":{},"b":{},"_coverageSchema":"1a1c01bbd47fc00a2c39e90264f33305004495a9","hash":"a37556c13a5b1b269a1584ebbe50c349572b7ebc"}
,"/Users/andelarwanda/Desktop/Aimelive Learning Projects/Learning/VS Code-Andela/Backend APIs/src/models/userModel.js": {"path":"/Users/andelarwanda/Desktop/Aimelive Learning Projects/Learning/VS Code-Andela/Backend APIs/src/models/userModel.js","statementMap":{"0":{"start":{"line":4,"column":19},"end":{"line":38,"column":2}},"1":{"start":{"line":40,"column":13},"end":{"line":40,"column":47}}},"fnMap":{},"branchMap":{},"s":{"0":1,"1":1},"f":{},"b":{},"_coverageSchema":"1a1c01bbd47fc00a2c39e90264f33305004495a9","hash":"2782934631461a85ff17e99d2c61f5481f0dae89"}
,"/Users/andelarwanda/Desktop/Aimelive Learning Projects/Learning/VS Code-Andela/Backend APIs/src/routes/blogRoutes.js": {"path":"/Users/andelarwanda/Desktop/Aimelive Learning Projects/Learning/VS Code-Andela/Backend APIs/src/routes/blogRoutes.js","statementMap":{"0":{"start":{"line":5,"column":15},"end":{"line":5,"column":31}},"1":{"start":{"line":8,"column":0},"end":{"line":8,"column":34}},"2":{"start":{"line":12,"column":0},"end":{"line":12,"column":130}}},"fnMap":{},"branchMap":{},"s":{"0":1,"1":1,"2":1},"f":{},"b":{},"_coverageSchema":"1a1c01bbd47fc00a2c39e90264f33305004495a9","hash":"608812b9b070bd763504582ed5fd55f492f82c6e"}
,"/Users/andelarwanda/Desktop/Aimelive Learning Projects/Learning/VS Code-Andela/Backend APIs/src/routes/commentRoutes.js": {"path":"/Users/andelarwanda/Desktop/Aimelive Learning Projects/Learning/VS Code-Andela/Backend APIs/src/routes/commentRoutes.js","statementMap":{"0":{"start":{"line":5,"column":15},"end":{"line":5,"column":31}},"1":{"start":{"line":7,"column":0},"end":{"line":7,"column":53}},"2":{"start":{"line":9,"column":0},"end":{"line":9,"column":54}},"3":{"start":{"line":11,"column":0},"end":{"line":11,"column":103}}},"fnMap":{},"branchMap":{},"s":{"0":1,"1":1,"2":1,"3":1},"f":{},"b":{},"_coverageSchema":"1a1c01bbd47fc00a2c39e90264f33305004495a9","hash":"0771f5bccb9e98b53862df28a99043d0a9d24b12"}
,"/Users/andelarwanda/Desktop/Aimelive Learning Projects/Learning/VS Code-Andela/Backend APIs/src/routes/messageRoutes.js": {"path":"/Users/andelarwanda/Desktop/Aimelive Learning Projects/Learning/VS Code-Andela/Backend APIs/src/routes/messageRoutes.js","statementMap":{"0":{"start":{"line":5,"column":15},"end":{"line":5,"column":31}},"1":{"start":{"line":8,"column":0},"end":{"line":8,"column":87}},"2":{"start":{"line":10,"column":0},"end":{"line":10,"column":88}}},"fnMap":{},"branchMap":{},"s":{"0":1,"1":1,"2":1},"f":{},"b":{},"_coverageSchema":"1a1c01bbd47fc00a2c39e90264f33305004495a9","hash":"d48f03b1b1ea0505f14fe0fef14bb151c658a11a"}
,"/Users/andelarwanda/Desktop/Aimelive Learning Projects/Learning/VS Code-Andela/Backend APIs/src/routes/userRoutes.js": {"path":"/Users/andelarwanda/Desktop/Aimelive Learning Projects/Learning/VS Code-Andela/Backend APIs/src/routes/userRoutes.js","statementMap":{"0":{"start":{"line":8,"column":15},"end":{"line":8,"column":31}},"1":{"start":{"line":10,"column":0},"end":{"line":10,"column":34}},"2":{"start":{"line":12,"column":0},"end":{"line":12,"column":34}},"3":{"start":{"line":14,"column":0},"end":{"line":14,"column":48}},"4":{"start":{"line":16,"column":0},"end":{"line":16,"column":52}},"5":{"start":{"line":18,"column":0},"end":{"line":18,"column":97}},"6":{"start":{"line":22,"column":0},"end":{"line":22,"column":74}}},"fnMap":{},"branchMap":{},"s":{"0":1,"1":1,"2":1,"3":1,"4":1,"5":1,"6":1},"f":{},"b":{},"_coverageSchema":"1a1c01bbd47fc00a2c39e90264f33305004495a9","hash":"9d98e61434fff82b62cd8f4371934c4fe4f43dbe"}
}
